<?xml version="1.0" encoding="UTF-8"?>
<!-- Generated by org.testng.reporters.JUnitXMLReporter -->
<testsuite hostname="Nipuns-MacBook-Air.local" name="TestinChrome(failed)(failed)" tests="1" failures="1" timestamp="1 Mar 2018 01:00:20 GMT" time="10.71" errors="0">
  <testcase name="registerNewUserTest" time="4.874" classname="com.amazon.test.HomePageTest">
    <failure type="java.lang.AssertionError" message="expected [true] but found [false]">
      <![CDATA[java.lang.AssertionError: expected [true] but found [false]
	at com.amazon.test.HomePageTest.registerNewUserTest(HomePageTest.java:49)
	at java.util.concurrent.FutureTask.run(FutureTask.java:266)
	at java.util.concurrent.ThreadPoolExecutor.runWorker(ThreadPoolExecutor.java:1142)
	at java.util.concurrent.ThreadPoolExecutor$Worker.run(ThreadPoolExecutor.java:617)
	at java.lang.Thread.run(Thread.java:748)
... Removed 20 stack frames]]>
    </failure>
  </testcase> <!-- registerNewUserTest -->
</testsuite> <!-- TestinChrome(failed)(failed) -->
