<?xml version="1.0" encoding="UTF-8"?>
<testng-results skipped="0" failed="1" total="6" passed="5">
  <reporter-output>
  </reporter-output>
  <suite name="Suite" duration-ms="35953" started-at="2018-03-01T01:11:59Z" finished-at="2018-03-01T01:12:34Z">
    <groups>
      <group name="Sanity">
        <method signature="HomePageTest.navigateToDeptTest()[pri:0, instance:com.amazon.test.HomePageTest@457e2f02]" name="navigateToDeptTest" class="com.amazon.test.HomePageTest"/>
        <method signature="HomePageTest.navigateToDeptTest()[pri:0, instance:com.amazon.test.HomePageTest@42d80b78]" name="navigateToDeptTest" class="com.amazon.test.HomePageTest"/>
      </group> <!-- Sanity -->
      <group name="Functional Test">
        <method signature="HomePageTest.HomePageTitleTest()[pri:0, instance:com.amazon.test.HomePageTest@457e2f02]" name="HomePageTitleTest" class="com.amazon.test.HomePageTest"/>
        <method signature="HomePageTest.registerNewUserTest()[pri:0, instance:com.amazon.test.HomePageTest@457e2f02]" name="registerNewUserTest" class="com.amazon.test.HomePageTest"/>
        <method signature="HomePageTest.HomePageTitleTest()[pri:0, instance:com.amazon.test.HomePageTest@42d80b78]" name="HomePageTitleTest" class="com.amazon.test.HomePageTest"/>
        <method signature="HomePageTest.registerNewUserTest()[pri:0, instance:com.amazon.test.HomePageTest@42d80b78]" name="registerNewUserTest" class="com.amazon.test.HomePageTest"/>
      </group> <!-- Functional Test -->
    </groups>
    <test name="TestinChrome" duration-ms="29886" started-at="2018-03-01T01:11:59Z" finished-at="2018-03-01T01:12:28Z">
      <class name="com.amazon.test.HomePageTest">
        <test-method status="PASS" signature="setUp(java.lang.String)[pri:0, instance:com.amazon.test.HomePageTest@42d80b78]" name="setUp" is-config="true" duration-ms="8903" started-at="2018-02-28T17:11:59Z" finished-at="2018-02-28T17:12:07Z">
          <params>
            <param index="0">
              <value>
                <![CDATA[Chrome]]>
              </value>
            </param>
          </params>
          <reporter-output>
          </reporter-output>
        </test-method> <!-- setUp -->
        <test-method status="PASS" signature="HomePageTitleTest()[pri:0, instance:com.amazon.test.HomePageTest@42d80b78]" name="HomePageTitleTest" duration-ms="352" started-at="2018-02-28T17:12:07Z" finished-at="2018-02-28T17:12:08Z">
          <reporter-output>
          </reporter-output>
        </test-method> <!-- HomePageTitleTest -->
        <test-method status="PASS" signature="setUp(java.lang.String)[pri:0, instance:com.amazon.test.HomePageTest@42d80b78]" name="setUp" is-config="true" duration-ms="5541" started-at="2018-02-28T17:12:08Z" finished-at="2018-02-28T17:12:13Z">
          <params>
            <param index="0">
              <value>
                <![CDATA[Chrome]]>
              </value>
            </param>
          </params>
          <reporter-output>
          </reporter-output>
        </test-method> <!-- setUp -->
        <test-method status="PASS" signature="navigateToDeptTest()[pri:0, instance:com.amazon.test.HomePageTest@42d80b78]" name="navigateToDeptTest" duration-ms="5211" started-at="2018-02-28T17:12:13Z" finished-at="2018-02-28T17:12:19Z">
          <reporter-output>
          </reporter-output>
        </test-method> <!-- navigateToDeptTest -->
        <test-method status="PASS" signature="setUp(java.lang.String)[pri:0, instance:com.amazon.test.HomePageTest@42d80b78]" name="setUp" is-config="true" duration-ms="6730" started-at="2018-02-28T17:12:19Z" finished-at="2018-02-28T17:12:25Z">
          <params>
            <param index="0">
              <value>
                <![CDATA[Chrome]]>
              </value>
            </param>
          </params>
          <reporter-output>
          </reporter-output>
        </test-method> <!-- setUp -->
        <test-method status="FAIL" signature="registerNewUserTest()[pri:0, instance:com.amazon.test.HomePageTest@42d80b78]" name="registerNewUserTest" duration-ms="2796" started-at="2018-02-28T17:12:25Z" finished-at="2018-02-28T17:12:28Z">
          <exception class="java.lang.AssertionError">
            <message>
              <![CDATA[expected [true] but found [false]]]>
            </message>
            <full-stacktrace>
              <![CDATA[java.lang.AssertionError: expected [true] but found [false]
	at org.testng.Assert.fail(Assert.java:94)
	at org.testng.Assert.failNotEquals(Assert.java:494)
	at org.testng.Assert.assertTrue(Assert.java:42)
	at org.testng.Assert.assertTrue(Assert.java:52)
	at com.amazon.test.HomePageTest.registerNewUserTest(HomePageTest.java:49)
	at sun.reflect.NativeMethodAccessorImpl.invoke0(Native Method)
	at sun.reflect.NativeMethodAccessorImpl.invoke(NativeMethodAccessorImpl.java:62)
	at sun.reflect.DelegatingMethodAccessorImpl.invoke(DelegatingMethodAccessorImpl.java:43)
	at java.lang.reflect.Method.invoke(Method.java:498)
	at org.testng.internal.MethodInvocationHelper.invokeMethod(MethodInvocationHelper.java:84)
	at org.testng.internal.Invoker.invokeMethod(Invoker.java:714)
	at org.testng.internal.Invoker.invokeTestMethod(Invoker.java:901)
	at org.testng.internal.Invoker.invokeTestMethods(Invoker.java:1231)
	at org.testng.internal.TestMethodWorker.invokeTestMethods(TestMethodWorker.java:127)
	at org.testng.internal.TestMethodWorker.run(TestMethodWorker.java:111)
	at org.testng.TestRunner.privateRun(TestRunner.java:767)
	at org.testng.TestRunner.run(TestRunner.java:617)
	at org.testng.SuiteRunner.runTest(SuiteRunner.java:348)
	at org.testng.SuiteRunner.access$000(SuiteRunner.java:38)
	at org.testng.SuiteRunner$SuiteWorker.run(SuiteRunner.java:382)
	at org.testng.internal.thread.ThreadUtil$2.call(ThreadUtil.java:64)
	at java.util.concurrent.FutureTask.run(FutureTask.java:266)
	at java.util.concurrent.ThreadPoolExecutor.runWorker(ThreadPoolExecutor.java:1142)
	at java.util.concurrent.ThreadPoolExecutor$Worker.run(ThreadPoolExecutor.java:617)
	at java.lang.Thread.run(Thread.java:748)
]]>
            </full-stacktrace>
          </exception> <!-- java.lang.AssertionError -->
          <reporter-output>
          </reporter-output>
        </test-method> <!-- registerNewUserTest -->
        <test-method status="PASS" signature="tearDown()[pri:0, instance:com.amazon.test.HomePageTest@42d80b78]" name="tearDown" is-config="true" duration-ms="328" started-at="2018-02-28T17:12:28Z" finished-at="2018-02-28T17:12:28Z">
          <reporter-output>
          </reporter-output>
        </test-method> <!-- tearDown -->
      </class> <!-- com.amazon.test.HomePageTest -->
    </test> <!-- TestinChrome -->
    <test name="TestinFireFox" duration-ms="35953" started-at="2018-03-01T01:11:59Z" finished-at="2018-03-01T01:12:34Z">
      <class name="com.amazon.test.HomePageTest">
        <test-method status="PASS" signature="setUp(java.lang.String)[pri:0, instance:com.amazon.test.HomePageTest@457e2f02]" name="setUp" is-config="true" duration-ms="9295" started-at="2018-02-28T17:11:59Z" finished-at="2018-02-28T17:12:08Z">
          <params>
            <param index="0">
              <value>
                <![CDATA[FF]]>
              </value>
            </param>
          </params>
          <reporter-output>
          </reporter-output>
        </test-method> <!-- setUp -->
        <test-method status="PASS" signature="HomePageTitleTest()[pri:0, instance:com.amazon.test.HomePageTest@457e2f02]" name="HomePageTitleTest" duration-ms="24" started-at="2018-02-28T17:12:08Z" finished-at="2018-02-28T17:12:08Z">
          <reporter-output>
          </reporter-output>
        </test-method> <!-- HomePageTitleTest -->
        <test-method status="PASS" signature="setUp(java.lang.String)[pri:0, instance:com.amazon.test.HomePageTest@457e2f02]" name="setUp" is-config="true" duration-ms="10762" started-at="2018-02-28T17:12:08Z" finished-at="2018-02-28T17:12:19Z">
          <params>
            <param index="0">
              <value>
                <![CDATA[FF]]>
              </value>
            </param>
          </params>
          <reporter-output>
          </reporter-output>
        </test-method> <!-- setUp -->
        <test-method status="PASS" signature="navigateToDeptTest()[pri:0, instance:com.amazon.test.HomePageTest@457e2f02]" name="navigateToDeptTest" duration-ms="5916" started-at="2018-02-28T17:12:19Z" finished-at="2018-02-28T17:12:25Z">
          <reporter-output>
          </reporter-output>
        </test-method> <!-- navigateToDeptTest -->
        <test-method status="PASS" signature="setUp(java.lang.String)[pri:0, instance:com.amazon.test.HomePageTest@457e2f02]" name="setUp" is-config="true" duration-ms="7885" started-at="2018-02-28T17:12:25Z" finished-at="2018-02-28T17:12:32Z">
          <params>
            <param index="0">
              <value>
                <![CDATA[FF]]>
              </value>
            </param>
          </params>
          <reporter-output>
          </reporter-output>
        </test-method> <!-- setUp -->
        <test-method status="PASS" signature="registerNewUserTest()[pri:0, instance:com.amazon.test.HomePageTest@457e2f02]" name="registerNewUserTest" duration-ms="2035" started-at="2018-02-28T17:12:32Z" finished-at="2018-02-28T17:12:34Z">
          <reporter-output>
          </reporter-output>
        </test-method> <!-- registerNewUserTest -->
        <test-method status="PASS" signature="tearDown()[pri:0, instance:com.amazon.test.HomePageTest@457e2f02]" name="tearDown" is-config="true" duration-ms="16" started-at="2018-02-28T17:12:34Z" finished-at="2018-02-28T17:12:34Z">
          <reporter-output>
          </reporter-output>
        </test-method> <!-- tearDown -->
      </class> <!-- com.amazon.test.HomePageTest -->
    </test> <!-- TestinFireFox -->
  </suite> <!-- Suite -->
</testng-results>
